<?xml version="1.0" encoding="UTF-8"?>
<testsuite xmlns:xsi="http://www.w3.org/2001/XMLSchema-instance" xsi:noNamespaceSchemaLocation="https://maven.apache.org/surefire/maven-surefire-plugin/xsd/surefire-test-report-3.0.xsd" version="3.0" name="demo_maven.TestDemo" time="0.054" tests="4" errors="0" skipped="0" failures="0">
  <properties>
[...]
</properties>
  <testcase name="testadd" classname="demo_maven.TestDemo" time="0.026"/>
  <testcase name="testsubtract" classname="demo_maven.TestDemo" time="0.002"/>
  <testcase name="testadd2" classname="demo_maven.TestDemo" time="0.001"/>
  <testcase name="testmultiply" classname="demo_maven.TestDemo" time="0.0"/>
</testsuite>